  CMake Deprecation Warning at C:/Code/Git/arx-libertatis-Remix/arx/cmake/VersionScript.cmake:2 (cmake_minimum_required):
    Compatibility with CMake < 3.5 will be removed from a future version of
    CMake.
  
    Update the VERSION argument <min> value or use a ...<max> suffix to tell
    CMake that the project does not need compatibility with older versions.
  
  
  Building Custom Rule C:/Code/Git/arx-libertatis-Remix/arx/CMakeLists.txt
  ub_arx.cpp
  [1/177] Compiling Version.cpp...
  [2/177] Compiling PathFinder.cpp...
  Unknown compiler version - please run the configure tests and report the results
  [3/177] Compiling PathFinderManager.cpp...
  [4/177] Compiling Paths.cpp...
  [5/177] Compiling Animation.cpp...
  [6/177] Compiling AnimationRender.cpp...
  [7/177] Compiling Cinematic.cpp...
  [8/177] Compiling CinematicKeyframer.cpp...
  [9/177] Compiling Intro.cpp...
  [10/177] Compiling Ambiance.cpp...
  [11/177] Compiling Audio.cpp...
  [12/177] Compiling AudioEnvironment.cpp...
  [13/177] Compiling AudioGlobal.cpp...
  [14/177] Compiling AudioResource.cpp...
  [15/177] Compiling AudioSource.cpp...
  [16/177] Compiling Mixer.cpp...
  [17/177] Compiling Sample.cpp...
  [18/177] Compiling Stream.cpp...
  [19/177] Compiling ADPCM.cpp...
C:/Code/Git/arx-libertatis-Remix/arx/src/audio/codec/ADPCM.cpp(95,24): warning C4334: '<<': result of 32-bit shift implicitly converted to 64 bits (was 64-bit shift intended?)
  [20/177] Compiling RAW.cpp...
  [21/177] Compiling WAV.cpp...
  [22/177] Compiling DSoundBackend.cpp...
  [23/177] Compiling DSoundSource.cpp...
  [24/177] Compiling OpenALBackend.cpp...
  [25/177] Compiling OpenALSource.cpp...
  [26/177] Compiling OpenALUtils.cpp...
  [27/177] Compiling Application.cpp...
  [28/177] Compiling ArxGame.cpp...
  [29/177] Compiling Config.cpp...
  [30/177] Compiling Core.cpp...
  [31/177] Compiling GameTime.cpp...
  [32/177] Compiling Localisation.cpp...
  [33/177] Compiling SaveGame.cpp...
  [34/177] Compiling Startup.cpp...
  [35/177] Compiling Camera.cpp...
  [36/177] Compiling Damage.cpp...
  [37/177] Compiling Entity.cpp...
  [38/177] Compiling EntityId.cpp...
  [39/177] Compiling EntityManager.cpp...
  [40/177] Compiling Equipment.cpp...
  [41/177] Compiling Inventory.cpp...
  [42/177] Compiling Item.cpp...
  [43/177] Compiling Levels.cpp...
  [44/177] Compiling Map.cpp...
  [45/177] Compiling Missile.cpp...
  [46/177] Compiling NPC.cpp...
  [47/177] Compiling Player.cpp...
  [48/177] Compiling Spells.cpp...
  [49/177] Compiling Draw.cpp...
  [50/177] Compiling GraphicsModes.cpp...
  [51/177] Compiling GraphicsUtility.cpp...
  [52/177] Compiling Math.cpp...
  [53/177] Compiling Renderer.cpp...
  [54/177] Compiling D3D9Renderer.cpp...
  [55/177] Compiling D3D9Texture2D.cpp...
  [56/177] Compiling D3D9TextureStage.cpp...
  [57/177] Compiling CinematicTexture.cpp...
  [58/177] Compiling FTL.cpp...
  [59/177] Compiling Mesh.cpp...
  [60/177] Compiling MeshManipulation.cpp...
  [61/177] Compiling Progressive.cpp...
  [62/177] Compiling TextureContainer.cpp...
  [63/177] Compiling CinematicEffects.cpp...
  [64/177] Compiling DrawEffects.cpp...
  [65/177] Compiling Fog.cpp...
  [66/177] Compiling SpellEffects.cpp...
  [67/177] Compiling Font.cpp...
  [68/177] Compiling FontCache.cpp...
  [69/177] Compiling Image.cpp...
  [70/177] Compiling stb_image.cpp...
C:/Code/Git/arx-libertatis-Remix/arx/src/graphics/image/stb_image.cpp(248,11): warning C4312: 'type cast': conversion from 'int' to 'unsigned char *' of greater size
C:/Code/Git/arx-libertatis-Remix/arx/src/graphics/image/stb_image.cpp(568,14): warning C4312: 'type cast': conversion from 'int' to 'unsigned char *' of greater size
C:/Code/Git/arx-libertatis-Remix/arx/src/graphics/image/stb_image.cpp(1534,45): warning C4312: 'type cast': conversion from 'int' to 'unsigned char *' of greater size
C:/Code/Git/arx-libertatis-Remix/arx/src/graphics/image/stb_image.cpp(1563,65): warning C4312: 'type cast': conversion from 'int' to 'unsigned char *' of greater size
C:/Code/Git/arx-libertatis-Remix/arx/src/graphics/image/stb_image.cpp(1581,46): warning C4312: 'type cast': conversion from 'int' to 'unsigned char *' of greater size
C:/Code/Git/arx-libertatis-Remix/arx/src/graphics/image/stb_image.cpp(2561,45): warning C4312: 'type cast': conversion from 'int' to 'unsigned char *' of greater size
C:/Code/Git/arx-libertatis-Remix/arx/src/graphics/image/stb_image.cpp(2686,49): warning C4312: 'type cast': conversion from 'int' to 'unsigned char *' of greater size
C:/Code/Git/arx-libertatis-Remix/arx/src/graphics/image/stb_image.cpp(2692,66): warning C4312: 'type cast': conversion from 'int' to 'unsigned char *' of greater size
C:/Code/Git/arx-libertatis-Remix/arx/src/graphics/image/stb_image.cpp(2700,32): warning C4312: 'type cast': conversion from 'int' to 'unsigned char *' of greater size
C:/Code/Git/arx-libertatis-Remix/arx/src/graphics/image/stb_image.cpp(2702,25): warning C4312: 'type cast': conversion from 'int' to 'unsigned char *' of greater size
C:/Code/Git/arx-libertatis-Remix/arx/src/graphics/image/stb_image.cpp(2710,50): warning C4312: 'type cast': conversion from 'int' to 'unsigned char *' of greater size
C:/Code/Git/arx-libertatis-Remix/arx/src/graphics/image/stb_image.cpp(2743,26): warning C4312: 'type cast': conversion from 'int' to 'unsigned char *' of greater size
C:/Code/Git/arx-libertatis-Remix/arx/src/graphics/image/stb_image.cpp(2746,23): warning C4312: 'type cast': conversion from 'int' to 'unsigned char *' of greater size
C:/Code/Git/arx-libertatis-Remix/arx/src/graphics/image/stb_image.cpp(2768,21): warning C4312: 'type cast': conversion from 'int' to 'unsigned char *' of greater size
C:/Code/Git/arx-libertatis-Remix/arx/src/graphics/image/stb_image.cpp(2771,58): warning C4312: 'type cast': conversion from 'int' to 'unsigned char *' of greater size
C:/Code/Git/arx-libertatis-Remix/arx/src/graphics/image/stb_image.cpp(2783,27): warning C4312: 'type cast': conversion from 'int' to 'unsigned char *' of greater size
C:/Code/Git/arx-libertatis-Remix/arx/src/graphics/image/stb_image.cpp(2821,53): warning C4312: 'type cast': conversion from 'int' to 'unsigned char *' of greater size
C:/Code/Git/arx-libertatis-Remix/arx/src/graphics/image/stb_image.cpp(3020,26): warning C4312: 'type cast': conversion from 'int' to 'unsigned char *' of greater size
C:/Code/Git/arx-libertatis-Remix/arx/src/graphics/image/stb_image.cpp(3031,32): warning C4312: 'type cast': conversion from 'int' to 'unsigned char *' of greater size
C:/Code/Git/arx-libertatis-Remix/arx/src/graphics/image/stb_image.cpp(3035,17): warning C4312: 'type cast': conversion from 'int' to 'unsigned char *' of greater size
C:/Code/Git/arx-libertatis-Remix/arx/src/graphics/image/stb_image.cpp(3217,14): warning C4312: 'type cast': conversion from 'int' to 'unsigned char *' of greater size
C:/Code/Git/arx-libertatis-Remix/arx/src/graphics/image/stb_image.cpp(3221,14): warning C4312: 'type cast': conversion from 'int' to 'unsigned char *' of greater size
C:/Code/Git/arx-libertatis-Remix/arx/src/graphics/image/stb_image.cpp(3229,14): warning C4312: 'type cast': conversion from 'int' to 'unsigned char *' of greater size
C:/Code/Git/arx-libertatis-Remix/arx/src/graphics/image/stb_image.cpp(3237,14): warning C4312: 'type cast': conversion from 'int' to 'unsigned char *' of greater size
C:/Code/Git/arx-libertatis-Remix/arx/src/graphics/image/stb_image.cpp(3250,14): warning C4312: 'type cast': conversion from 'int' to 'unsigned char *' of greater size
C:/Code/Git/arx-libertatis-Remix/arx/src/graphics/image/stb_image.cpp(3267,14): warning C4312: 'type cast': conversion from 'int' to 'unsigned char *' of greater size
C:/Code/Git/arx-libertatis-Remix/arx/src/graphics/image/stb_image.cpp(3271,21): warning C4312: 'type cast': conversion from 'int' to 'unsigned char *' of greater size
C:/Code/Git/arx-libertatis-Remix/arx/src/graphics/image/stb_image.cpp(3414,32): warning C4312: 'type cast': conversion from 'int' to 'unsigned char *' of greater size
C:/Code/Git/arx-libertatis-Remix/arx/src/graphics/image/stb_image.cpp(3442,17): warning C4312: 'type cast': conversion from 'int' to 'unsigned char *' of greater size
C:/Code/Git/arx-libertatis-Remix/arx/src/graphics/image/stb_image.cpp(3453,38): warning C4312: 'type cast': conversion from 'int' to 'unsigned char *' of greater size
C:/Code/Git/arx-libertatis-Remix/arx/src/graphics/image/stb_image.cpp(3454,38): warning C4312: 'type cast': conversion from 'int' to 'unsigned char *' of greater size
C:/Code/Git/arx-libertatis-Remix/arx/src/graphics/image/stb_image.cpp(3468,23): warning C4312: 'type cast': conversion from 'int' to 'unsigned char *' of greater size
C:/Code/Git/arx-libertatis-Remix/arx/src/graphics/image/stb_image.cpp(3487,46): warning C4312: 'type cast': conversion from 'int' to 'unsigned char *' of greater size
C:/Code/Git/arx-libertatis-Remix/arx/src/graphics/image/stb_image.cpp(3505,42): warning C4312: 'type cast': conversion from 'int' to 'unsigned char *' of greater size
C:/Code/Git/arx-libertatis-Remix/arx/src/graphics/image/stb_image.cpp(3516,32): warning C4312: 'type cast': conversion from 'int' to 'unsigned char *' of greater size
C:/Code/Git/arx-libertatis-Remix/arx/src/graphics/image/stb_image.cpp(3525,45): warning C4312: 'type cast': conversion from 'int' to 'unsigned char *' of greater size
C:/Code/Git/arx-libertatis-Remix/arx/src/graphics/image/stb_image.cpp(3552,27): warning C4312: 'type cast': conversion from 'int' to 'unsigned char *' of greater size
C:/Code/Git/arx-libertatis-Remix/arx/src/graphics/image/stb_image.cpp(3553,34): warning C4312: 'type cast': conversion from 'int' to 'unsigned char *' of greater size
  [71/177] Compiling stb_image_write.cpp...
  [72/177] Compiling GLTexture2D.cpp...
  [73/177] Compiling GLTextureStage.cpp...
  [74/177] Compiling OpenGLRenderer.cpp...
  [75/177] Compiling Particle.cpp...
  [76/177] Compiling ParticleEffects.cpp...
  [77/177] Compiling ParticleManager.cpp...
  [78/177] Compiling ParticleSystem.cpp...
  [79/177] Compiling Spells01.cpp...
  [80/177] Compiling Spells02.cpp...
  [81/177] Compiling Spells03.cpp...
  [82/177] Compiling Spells04.cpp...
  [83/177] Compiling Spells05.cpp...
  [84/177] Compiling Spells06.cpp...
  [85/177] Compiling Spells07.cpp...
  [86/177] Compiling Spells09.cpp...
  [87/177] Compiling Spells10.cpp...
  [88/177] Compiling PackedTexture.cpp...
  [89/177] Compiling Texture.cpp...
  [90/177] Compiling TextureStage.cpp...
  [91/177] Compiling Credits.cpp...
  [92/177] Compiling Interface.cpp...
  [93/177] Compiling Menu.cpp...
  [94/177] Compiling MenuPublic.cpp...
  [95/177] Compiling MenuWidgets.cpp...
  [96/177] Compiling MiniMap.cpp...
  [97/177] Compiling Note.cpp...
  [98/177] Compiling Speech.cpp...
  [99/177] Compiling Text.cpp...
  [100/177] Compiling TextManager.cpp...
  [101/177] Compiling DInput8Backend.cpp...
  [102/177] Compiling Input.cpp...
  [103/177] Compiling SDLInputBackend.cpp...
  [104/177] Compiling Blast.cpp...
  [105/177] Compiling CinematicLoad.cpp...
  [106/177] Compiling IO.cpp...
  [107/177] Compiling Implode.cpp...
  [108/177] Compiling IniReader.cpp...
  [109/177] Compiling IniSection.cpp...
  [110/177] Compiling IniWriter.cpp...
  [111/177] Compiling SaveBlock.cpp...
  [112/177] Compiling Screenshot.cpp...
  [113/177] Compiling FilePath.cpp...
  [114/177] Compiling FileStream.cpp...
  [115/177] Compiling Filesystem.cpp...
  [116/177] Compiling FilesystemWindows.cpp...
  [117/177] Compiling SystemPaths.cpp...
  [118/177] Compiling ConsoleLogger.cpp...
  [119/177] Compiling CriticalLogger.cpp...
  [120/177] Compiling FileLogger.cpp...
  [121/177] Compiling LogBackend.cpp...
  [122/177] Compiling Logger.cpp...
  [123/177] Compiling MsvcLogger.cpp...
  [124/177] Compiling PakEntry.cpp...
  [125/177] Compiling PakReader.cpp...
  [126/177] Compiling ResourcePath.cpp...
  [127/177] Compiling Angle.cpp...
  [128/177] Compiling Random.cpp...
  [129/177] Compiling Anchors.cpp...
  [130/177] Compiling Attractors.cpp...
  [131/177] Compiling Box.cpp...
  [132/177] Compiling Clothes.cpp...
  [133/177] Compiling CollisionShapes.cpp...
  [134/177] Compiling Collisions.cpp...
  [135/177] Compiling Physics.cpp...
  [136/177] Compiling CrashHandler.cpp...
  [137/177] Compiling Dialog.cpp...
  [138/177] Compiling Environment.cpp...
  [139/177] Compiling Lock.cpp...
  [140/177] Compiling OS.cpp...
  [141/177] Compiling Platform.cpp...
  [142/177] Compiling ProgramOptions.cpp...
  [143/177] Compiling Thread.cpp...
  [144/177] Compiling Time.cpp...
  [145/177] Compiling ChangeLevel.cpp...
  [146/177] Compiling CinematicSound.cpp...
  [147/177] Compiling GameSound.cpp...
C:/Code/Git/arx-libertatis-Remix/arx/src/scene/GameSound.cpp(1200,48): warning C4311: 'reinterpret_cast': pointer truncation from 'void *' to 'long'
C:/Code/Git/arx-libertatis-Remix/arx/src/scene/GameSound.cpp(1200,48): warning C4302: 'reinterpret_cast': truncation from 'void *' to 'long'
  [148/177] Compiling Interactive.cpp...
  [149/177] Compiling Light.cpp...
  [150/177] Compiling LinkedObject.cpp...
  [151/177] Compiling LoadLevel.cpp...
  [152/177] Compiling Object.cpp...
  [153/177] Compiling Scene.cpp...
  [154/177] Compiling Script.cpp...
  [155/177] Compiling ScriptEvent.cpp...
  [156/177] Compiling ScriptUtils.cpp...
  [157/177] Compiling ScriptedAnimation.cpp...
  [158/177] Compiling ScriptedCamera.cpp...
  [159/177] Compiling ScriptedControl.cpp...
  [160/177] Compiling ScriptedConversation.cpp...
  [161/177] Compiling ScriptedIOControl.cpp...
  [162/177] Compiling ScriptedIOProperties.cpp...
  [163/177] Compiling ScriptedInterface.cpp...
  [164/177] Compiling ScriptedInventory.cpp...
  [165/177] Compiling ScriptedItem.cpp...
  [166/177] Compiling ScriptedLang.cpp...
  [167/177] Compiling ScriptedNPC.cpp...
  [168/177] Compiling ScriptedPlayer.cpp...
  [169/177] Compiling ScriptedVariable.cpp...
  [170/177] Compiling String.cpp...
  [171/177] Compiling Parser.cpp...
  [172/177] Compiling D3D9Window.cpp...
  [173/177] Compiling RenderWindow.cpp...
  [174/177] Compiling SDLWindow.cpp...
  [175/177] Compiling Win32Window.cpp...
  [176/177] Compiling Window.cpp...
  arx.vcxproj -> C:\Code\Git\arx-libertatis-Remix\arx\build_vc16\Debug\arx.exe
