c:\code\git\arx-libertatis-remix\arx\build_vc16\arx.dir\debug\vc142.pdb
c:\code\git\arx-libertatis-remix\arx\build_vc16\arx.dir\debug\ub_arx.obj
c:\code\git\arx-libertatis-remix\arx\build_vc16\core\version.cpp
c:\code\git\arx-libertatis-remix\arx\build_vc16\cmakefiles\generate.stamp
c:\code\git\arx-libertatis-remix\arx\build_vc16\arx.dir\debug\arx-libertatis.res
c:\code\git\arx-libertatis-remix\arx\build_vc16\debug\arx.pdb
c:\code\git\arx-libertatis-remix\arx\build_vc16\arx.dir\debug\arx.tlog\cl.command.1.tlog
c:\code\git\arx-libertatis-remix\arx\build_vc16\arx.dir\debug\arx.tlog\cl.read.1.tlog
c:\code\git\arx-libertatis-remix\arx\build_vc16\arx.dir\debug\arx.tlog\cl.write.1.tlog
c:\code\git\arx-libertatis-remix\arx\build_vc16\arx.dir\debug\arx.tlog\custombuild.command.1.tlog
c:\code\git\arx-libertatis-remix\arx\build_vc16\arx.dir\debug\arx.tlog\custombuild.read.1.tlog
c:\code\git\arx-libertatis-remix\arx\build_vc16\arx.dir\debug\arx.tlog\custombuild.write.1.tlog
c:\code\git\arx-libertatis-remix\arx\build_vc16\arx.dir\debug\arx.tlog\link-cvtres.read.1.tlog
c:\code\git\arx-libertatis-remix\arx\build_vc16\arx.dir\debug\arx.tlog\link-cvtres.write.1.tlog
c:\code\git\arx-libertatis-remix\arx\build_vc16\arx.dir\debug\arx.tlog\link-rc.read.1.tlog
c:\code\git\arx-libertatis-remix\arx\build_vc16\arx.dir\debug\arx.tlog\link-rc.write.1.tlog
c:\code\git\arx-libertatis-remix\arx\build_vc16\arx.dir\debug\arx.tlog\link.command.1.tlog
c:\code\git\arx-libertatis-remix\arx\build_vc16\arx.dir\debug\arx.tlog\link.read.1.tlog
c:\code\git\arx-libertatis-remix\arx\build_vc16\arx.dir\debug\arx.tlog\link.read.2.tlog
c:\code\git\arx-libertatis-remix\arx\build_vc16\arx.dir\debug\arx.tlog\link.write.1.tlog
c:\code\git\arx-libertatis-remix\arx\build_vc16\arx.dir\debug\arx.tlog\rc.command.1.tlog
c:\code\git\arx-libertatis-remix\arx\build_vc16\arx.dir\debug\arx.tlog\rc.read.1.tlog
c:\code\git\arx-libertatis-remix\arx\build_vc16\arx.dir\debug\arx.tlog\rc.write.1.tlog
