  Building Custom Rule C:/Code/Git/arx-libertatis-Remix/arx/CMakeLists.txt
  ub_arxsavetool.cpp
  [1/30] Compiling Localisation.cpp...
  Unknown compiler version - please run the configure tests and report the results
  [2/30] Compiling Blast.cpp...
  [3/30] Compiling IniReader.cpp...
  [4/30] Compiling IniSection.cpp...
  [5/30] Compiling SaveBlock.cpp...
  [6/30] Compiling FilePath.cpp...
  [7/30] Compiling FileStream.cpp...
  [8/30] Compiling Filesystem.cpp...
  [9/30] Compiling FilesystemWindows.cpp...
  [10/30] Compiling SystemPaths.cpp...
  [11/30] Compiling ConsoleLogger.cpp...
  [12/30] Compiling LogBackend.cpp...
  [13/30] Compiling Logger.cpp...
  [14/30] Compiling MsvcLogger.cpp...
  [15/30] Compiling PakEntry.cpp...
  [16/30] Compiling PakReader.cpp...
  [17/30] Compiling ResourcePath.cpp...
  [18/30] Compiling Dialog.cpp...
  [19/30] Compiling Environment.cpp...
  [20/30] Compiling Lock.cpp...
  [21/30] Compiling OS.cpp...
  [22/30] Compiling Platform.cpp...
  [23/30] Compiling ProgramOptions.cpp...
  [24/30] Compiling Time.cpp...
  [25/30] Compiling String.cpp...
  [26/30] Compiling SaveFix.cpp...
  [27/30] Compiling SaveFix.h...
  [28/30] Compiling SaveTool.cpp...
  [29/30] Compiling SaveView.cpp...
  [30/30] Compiling SaveView.h...
  arxsavetool.vcxproj -> C:\Code\Git\arx-libertatis-Remix\arx\build_vc16\Debug\arxsavetool.exe
