  Building Custom Rule C:/Code/Git/arx-libertatis-Remix/arx/CMakeLists.txt
  ub_arxunpak.cpp
  [1/22] Compiling Blast.cpp...
  [2/22] Compiling FilePath.cpp...
  Unknown compiler version - please run the configure tests and report the results
  [3/22] Compiling FileStream.cpp...
  [4/22] Compiling Filesystem.cpp...
  [5/22] Compiling FilesystemWindows.cpp...
  [6/22] Compiling SystemPaths.cpp...
  [7/22] Compiling ConsoleLogger.cpp...
  [8/22] Compiling LogBackend.cpp...
  [9/22] Compiling Logger.cpp...
  [10/22] Compiling MsvcLogger.cpp...
  [11/22] Compiling PakEntry.cpp...
  [12/22] Compiling PakReader.cpp...
  [13/22] Compiling ResourcePath.cpp...
  [14/22] Compiling Dialog.cpp...
  [15/22] Compiling Environment.cpp...
  [16/22] Compiling Lock.cpp...
  [17/22] Compiling OS.cpp...
  [18/22] Compiling Platform.cpp...
  [19/22] Compiling ProgramOptions.cpp...
  [20/22] Compiling Time.cpp...
  [21/22] Compiling String.cpp...
  [22/22] Compiling UnPak.cpp...
  arxunpak.vcxproj -> C:\Code\Git\arx-libertatis-Remix\arx\build_vc16\Debug\arxunpak.exe
